<?xml version="1.0" encoding="UTF-8"?>
<testng-results skipped="0" failed="1" ignored="0" total="5" passed="4">
  <reporter-output>
  </reporter-output>
  <suite name="Default suite" duration-ms="159" started-at="2018-01-24T06:37:03Z" finished-at="2018-01-24T06:37:04Z">
    <groups>
    </groups>
    <test name="Default test" duration-ms="159" started-at="2018-01-24T06:37:03Z" finished-at="2018-01-24T06:37:04Z">
      <class name="SampleTESTNGTEST.NewTest2">
        <test-method status="PASS" signature="beforeSuite()[pri:0, instance:SampleTESTNGTEST.NewTest2@27808f31]" name="beforeSuite" is-config="true" duration-ms="11" started-at="2018-01-23T22:37:03Z" finished-at="2018-01-23T22:37:03Z">
          <reporter-output>
          </reporter-output>
        </test-method> <!-- beforeSuite -->
        <test-method status="PASS" signature="beforeTest()[pri:0, instance:SampleTESTNGTEST.NewTest2@27808f31]" name="beforeTest" is-config="true" duration-ms="0" started-at="2018-01-23T22:37:03Z" finished-at="2018-01-23T22:37:03Z">
          <reporter-output>
          </reporter-output>
        </test-method> <!-- beforeTest -->
        <test-method status="PASS" signature="beforeClass()[pri:0, instance:SampleTESTNGTEST.NewTest2@27808f31]" name="beforeClass" is-config="true" duration-ms="0" started-at="2018-01-23T22:37:03Z" finished-at="2018-01-23T22:37:03Z">
          <reporter-output>
          </reporter-output>
        </test-method> <!-- beforeClass -->
        <test-method status="PASS" signature="beforeMethod()[pri:0, instance:SampleTESTNGTEST.NewTest2@27808f31]" name="beforeMethod" is-config="true" duration-ms="1" started-at="2018-01-23T22:37:04Z" finished-at="2018-01-23T22:37:04Z">
          <reporter-output>
          </reporter-output>
        </test-method> <!-- beforeMethod -->
        <test-method status="PASS" signature="ClsTest3(java.lang.Integer, java.lang.String)[pri:0, instance:SampleTESTNGTEST.NewTest2@27808f31]" name="ClsTest3" duration-ms="5" started-at="2018-01-23T22:37:04Z" data-provider="dp1" finished-at="2018-01-23T22:37:04Z">
          <params>
            <param index="0">
              <value>
                <![CDATA[3]]>
              </value>
            </param>
            <param index="1">
              <value>
                <![CDATA[c]]>
              </value>
            </param>
          </params>
          <reporter-output>
          </reporter-output>
        </test-method> <!-- ClsTest3 -->
        <test-method status="PASS" signature="beforeMethod()[pri:0, instance:SampleTESTNGTEST.NewTest2@27808f31]" name="beforeMethod" is-config="true" duration-ms="0" started-at="2018-01-23T22:37:04Z" finished-at="2018-01-23T22:37:04Z">
          <reporter-output>
          </reporter-output>
        </test-method> <!-- beforeMethod -->
        <test-method status="PASS" signature="afterMethod()[pri:0, instance:SampleTESTNGTEST.NewTest2@27808f31]" name="afterMethod" is-config="true" duration-ms="0" started-at="2018-01-23T22:37:04Z" finished-at="2018-01-23T22:37:04Z">
          <reporter-output>
          </reporter-output>
        </test-method> <!-- afterMethod -->
        <test-method status="PASS" signature="ClsTest3(java.lang.Integer, java.lang.String)[pri:0, instance:SampleTESTNGTEST.NewTest2@27808f31]" name="ClsTest3" duration-ms="2" started-at="2018-01-23T22:37:04Z" data-provider="dp1" finished-at="2018-01-23T22:37:04Z">
          <params>
            <param index="0">
              <value>
                <![CDATA[4]]>
              </value>
            </param>
            <param index="1">
              <value>
                <![CDATA[d]]>
              </value>
            </param>
          </params>
          <reporter-output>
          </reporter-output>
        </test-method> <!-- ClsTest3 -->
        <test-method status="PASS" signature="afterMethod()[pri:0, instance:SampleTESTNGTEST.NewTest2@27808f31]" name="afterMethod" is-config="true" duration-ms="0" started-at="2018-01-23T22:37:04Z" finished-at="2018-01-23T22:37:04Z">
          <reporter-output>
          </reporter-output>
        </test-method> <!-- afterMethod -->
        <test-method status="PASS" signature="beforeMethod()[pri:0, instance:SampleTESTNGTEST.NewTest2@27808f31]" name="beforeMethod" is-config="true" duration-ms="0" started-at="2018-01-23T22:37:04Z" finished-at="2018-01-23T22:37:04Z">
          <reporter-output>
          </reporter-output>
        </test-method> <!-- beforeMethod -->
        <test-method status="PASS" signature="ClsTest4(java.lang.Integer, java.lang.String)[pri:0, instance:SampleTESTNGTEST.NewTest2@27808f31]" name="ClsTest4" duration-ms="2" started-at="2018-01-23T22:37:04Z" data-provider="dp1" finished-at="2018-01-23T22:37:04Z">
          <params>
            <param index="0">
              <value>
                <![CDATA[3]]>
              </value>
            </param>
            <param index="1">
              <value>
                <![CDATA[c]]>
              </value>
            </param>
          </params>
          <reporter-output>
          </reporter-output>
        </test-method> <!-- ClsTest4 -->
        <test-method status="PASS" signature="afterMethod()[pri:0, instance:SampleTESTNGTEST.NewTest2@27808f31]" name="afterMethod" is-config="true" duration-ms="1" started-at="2018-01-23T22:37:04Z" finished-at="2018-01-23T22:37:04Z">
          <reporter-output>
          </reporter-output>
        </test-method> <!-- afterMethod -->
        <test-method status="PASS" signature="ClsTest4(java.lang.Integer, java.lang.String)[pri:0, instance:SampleTESTNGTEST.NewTest2@27808f31]" name="ClsTest4" duration-ms="1" started-at="2018-01-23T22:37:04Z" data-provider="dp1" finished-at="2018-01-23T22:37:04Z">
          <params>
            <param index="0">
              <value>
                <![CDATA[4]]>
              </value>
            </param>
            <param index="1">
              <value>
                <![CDATA[d]]>
              </value>
            </param>
          </params>
          <reporter-output>
          </reporter-output>
        </test-method> <!-- ClsTest4 -->
        <test-method status="PASS" signature="beforeMethod()[pri:0, instance:SampleTESTNGTEST.NewTest2@27808f31]" name="beforeMethod" is-config="true" duration-ms="0" started-at="2018-01-23T22:37:04Z" finished-at="2018-01-23T22:37:04Z">
          <reporter-output>
          </reporter-output>
        </test-method> <!-- beforeMethod -->
        <test-method status="PASS" signature="afterMethod()[pri:0, instance:SampleTESTNGTEST.NewTest2@27808f31]" name="afterMethod" is-config="true" duration-ms="1" started-at="2018-01-23T22:37:04Z" finished-at="2018-01-23T22:37:04Z">
          <reporter-output>
          </reporter-output>
        </test-method> <!-- afterMethod -->
        <test-method status="FAIL" signature="testGoogle()[pri:0, instance:SampleTESTNGTEST.NewTest2@27808f31]" name="testGoogle" duration-ms="107" started-at="2018-01-23T22:37:04Z" finished-at="2018-01-23T22:37:04Z">
          <exception class="java.lang.NoSuchMethodError">
            <message>
              <![CDATA[org.openqa.selenium.firefox.FirefoxOptions.setCapability(Ljava/lang/String;Ljava/lang/Object;)V]]>
            </message>
            <full-stacktrace>
              <![CDATA[java.lang.NoSuchMethodError: org.openqa.selenium.firefox.FirefoxOptions.setCapability(Ljava/lang/String;Ljava/lang/Object;)Vat SampleTESTNGTEST.NewTest2.testGoogle(NewTest2.java:46)at sun.reflect.NativeMethodAccessorImpl.invoke0(Native Method)at sun.reflect.NativeMethodAccessorImpl.invoke(Unknown Source)at sun.reflect.DelegatingMethodAccessorImpl.invoke(Unknown Source)at java.lang.reflect.Method.invoke(Unknown Source)at org.testng.internal.MethodInvocationHelper.invokeMethod(MethodInvocationHelper.java:124)at org.testng.internal.Invoker.invokeMethod(Invoker.java:571)at org.testng.internal.Invoker.invokeTestMethod(Invoker.java:707)at org.testng.internal.Invoker.invokeTestMethods(Invoker.java:979)at org.testng.internal.TestMethodWorker.invokeTestMethods(TestMethodWorker.java:125)at org.testng.internal.TestMethodWorker.run(TestMethodWorker.java:109)at org.testng.TestRunner.privateRun(TestRunner.java:648)at org.testng.TestRunner.run(TestRunner.java:505)at org.testng.SuiteRunner.runTest(SuiteRunner.java:455)at org.testng.SuiteRunner.runSequentially(SuiteRunner.java:450)at org.testng.SuiteRunner.privateRun(SuiteRunner.java:415)at org.testng.SuiteRunner.run(SuiteRunner.java:364)at org.testng.SuiteRunnerWorker.runSuite(SuiteRunnerWorker.java:52)at org.testng.SuiteRunnerWorker.run(SuiteRunnerWorker.java:84)at org.testng.TestNG.runSuitesSequentially(TestNG.java:1187)at org.testng.TestNG.runSuitesLocally(TestNG.java:1116)at org.testng.TestNG.runSuites(TestNG.java:1028)at org.testng.TestNG.run(TestNG.java:996)at org.testng.remote.AbstractRemoteTestNG.run(AbstractRemoteTestNG.java:114)at org.testng.remote.RemoteTestNG.initAndRun(RemoteTestNG.java:251)at org.testng.remote.RemoteTestNG.main(RemoteTestNG.java:77)]]>
            </full-stacktrace>
          </exception> <!-- java.lang.NoSuchMethodError -->
          <reporter-output>
          </reporter-output>
        </test-method> <!-- testGoogle -->
        <test-method status="PASS" signature="beforeMethod()[pri:0, instance:SampleTESTNGTEST.NewTest2@27808f31]" name="beforeMethod" is-config="true" duration-ms="0" started-at="2018-01-23T22:37:04Z" finished-at="2018-01-23T22:37:04Z">
          <reporter-output>
          </reporter-output>
        </test-method> <!-- beforeMethod -->
        <test-method status="PASS" signature="afterMethod()[pri:0, instance:SampleTESTNGTEST.NewTest2@27808f31]" name="afterMethod" is-config="true" duration-ms="0" started-at="2018-01-23T22:37:04Z" finished-at="2018-01-23T22:37:04Z">
          <reporter-output>
          </reporter-output>
        </test-method> <!-- afterMethod -->
        <test-method status="PASS" signature="afterClass()[pri:0, instance:SampleTESTNGTEST.NewTest2@27808f31]" name="afterClass" is-config="true" duration-ms="0" started-at="2018-01-23T22:37:04Z" finished-at="2018-01-23T22:37:04Z">
          <reporter-output>
          </reporter-output>
        </test-method> <!-- afterClass -->
        <test-method status="PASS" signature="afterTest()[pri:0, instance:SampleTESTNGTEST.NewTest2@27808f31]" name="afterTest" is-config="true" duration-ms="1" started-at="2018-01-23T22:37:04Z" finished-at="2018-01-23T22:37:04Z">
          <reporter-output>
          </reporter-output>
        </test-method> <!-- afterTest -->
        <test-method status="PASS" signature="afterSuite()[pri:0, instance:SampleTESTNGTEST.NewTest2@27808f31]" name="afterSuite" is-config="true" duration-ms="0" started-at="2018-01-23T22:37:04Z" finished-at="2018-01-23T22:37:04Z">
          <reporter-output>
          </reporter-output>
        </test-method> <!-- afterSuite -->
      </class> <!-- SampleTESTNGTEST.NewTest2 -->
    </test> <!-- Default test -->
  </suite> <!-- Default suite -->
</testng-results>
